[debug] [2025-08-14T22:26:16.933Z] ----------------------------------------------------------------------
[debug] [2025-08-14T22:26:16.938Z] Command:       C:\Program Files\nodejs\node.exe C:\Users\aleks\AppData\Roaming\npm\node_modules\firebase-tools\lib\bin\firebase.js init
[debug] [2025-08-14T22:26:16.939Z] CLI Version:   14.12.0
[debug] [2025-08-14T22:26:16.939Z] Platform:      win32
[debug] [2025-08-14T22:26:16.939Z] Node Version:  v22.18.0
[debug] [2025-08-14T22:26:16.940Z] Time:          Thu Aug 14 2025 18:26:16 GMT-0400 (hora de verano de Cuba)
[debug] [2025-08-14T22:26:16.940Z] ----------------------------------------------------------------------
[debug] 
[debug] [2025-08-14T22:26:16.951Z] > command requires scopes: ["email","openid","https://www.googleapis.com/auth/cloudplatformprojects.readonly","https://www.googleapis.com/auth/firebase","https://www.googleapis.com/auth/cloud-platform"]
[debug] [2025-08-14T22:26:16.952Z] > authorizing via signed-in user (lacumbresurl@gmail.com)
[info] 
     ######## #### ########  ######## ########     ###     ######  ########
     ##        ##  ##     ## ##       ##     ##  ##   ##  ##       ##
     ######    ##  ########  ######   ########  #########  ######  ######
     ##        ##  ##    ##  ##       ##     ## ##     ##       ## ##
     ##       #### ##     ## ######## ########  ##     ##  ######  ########

You're about to initialize a Firebase project in this directory:

  C:\Users\aleks\Documents\WorkSpaces\Python\auditor-web

[info] 
=== Project Setup
[info] 
[info] First, let's associate this project directory with a Firebase project.
[info] You can create multiple project aliases by running firebase use --add, 
[info] but for now we'll just set up a default project.
[info] 
[debug] [2025-08-14T22:28:44.636Z] Checked if tokens are valid: true, expires at: 1755212136595
[debug] [2025-08-14T22:28:44.637Z] Checked if tokens are valid: true, expires at: 1755212136595
[debug] [2025-08-14T22:28:44.638Z] >>> [apiv2][query] GET https://firebase.googleapis.com/v1beta1/projects pageSize=100
[debug] [2025-08-14T22:28:46.184Z] <<< [apiv2][status] GET https://firebase.googleapis.com/v1beta1/projects 200
[debug] [2025-08-14T22:28:46.184Z] <<< [apiv2][body] GET https://firebase.googleapis.com/v1beta1/projects [omitted]
[info] i  Using project auditor-4907c (Auditor) 
[info] 
=== Firestore Setup
[info] i  firestore: ensuring required API firestore.googleapis.com is enabled... 
[debug] [2025-08-14T22:28:50.742Z] Checked if tokens are valid: true, expires at: 1755212136595
[debug] [2025-08-14T22:28:50.742Z] Checked if tokens are valid: true, expires at: 1755212136595
[debug] [2025-08-14T22:28:50.743Z] >>> [apiv2][query] GET https://serviceusage.googleapis.com/v1/projects/auditor-4907c/services/firestore.googleapis.com [none]
[debug] [2025-08-14T22:28:50.743Z] >>> [apiv2][(partial)header] GET https://serviceusage.googleapis.com/v1/projects/auditor-4907c/services/firestore.googleapis.com x-goog-quota-user=projects/auditor-4907c
[debug] [2025-08-14T22:28:52.562Z] <<< [apiv2][status] GET https://serviceusage.googleapis.com/v1/projects/auditor-4907c/services/firestore.googleapis.com 200
[debug] [2025-08-14T22:28:52.562Z] <<< [apiv2][body] GET https://serviceusage.googleapis.com/v1/projects/auditor-4907c/services/firestore.googleapis.com [omitted]
[info] +  firestore: required API firestore.googleapis.com is enabled 
[debug] [2025-08-14T22:28:52.578Z] Checked if tokens are valid: true, expires at: 1755212136595
[debug] [2025-08-14T22:28:52.578Z] Checked if tokens are valid: true, expires at: 1755212136595
[debug] [2025-08-14T22:28:52.579Z] >>> [apiv2][query] GET https://firestore.googleapis.com/v1/projects/auditor-4907c/databases [none]
[debug] [2025-08-14T22:28:54.081Z] <<< [apiv2][status] GET https://firestore.googleapis.com/v1/projects/auditor-4907c/databases 200
[debug] [2025-08-14T22:28:54.082Z] <<< [apiv2][body] GET https://firestore.googleapis.com/v1/projects/auditor-4907c/databases {"databases":[{"name":"projects/auditor-4907c/databases/(default)","uid":"b3da52b2-046e-4eb2-93a9-d912852a8105","createTime":"2025-08-14T22:13:53.921234Z","updateTime":"2025-08-14T22:13:53.921234Z","locationId":"nam5","type":"FIRESTORE_NATIVE","concurrencyMode":"PESSIMISTIC","versionRetentionPeriod":"3600s","earliestVersionTime":"2025-08-14T22:13:53.921234Z","appEngineIntegrationMode":"DISABLED","keyPrefix":"s","pointInTimeRecoveryEnablement":"POINT_IN_TIME_RECOVERY_DISABLED","deleteProtectionState":"DELETE_PROTECTION_DISABLED","databaseEdition":"STANDARD","freeTier":true,"etag":"IMuOzuOsi48DMKHPqeCpi48D"}]}
[info] 
[info] Firestore Security Rules allow you to define how and when to allow
[info] requests. You can keep these rules in your project directory
[info] and publish them with firebase deploy.
[info] 
[debug] [2025-08-14T22:29:35.529Z] Checked if tokens are valid: true, expires at: 1755212136595
[debug] [2025-08-14T22:29:35.529Z] Checked if tokens are valid: true, expires at: 1755212136595
[debug] [2025-08-14T22:29:35.529Z] >>> [apiv2][query] GET https://firebaserules.googleapis.com/v1/projects/auditor-4907c/releases pageSize=10&pageToken=
[debug] [2025-08-14T22:29:37.248Z] <<< [apiv2][status] GET https://firebaserules.googleapis.com/v1/projects/auditor-4907c/releases 200
[debug] [2025-08-14T22:29:37.248Z] <<< [apiv2][body] GET https://firebaserules.googleapis.com/v1/projects/auditor-4907c/releases {"releases":[{"name":"projects/auditor-4907c/releases/cloud.firestore","rulesetName":"projects/auditor-4907c/rulesets/545a2ad5-a9d7-4e4d-8ab6-b8e7452d9c4b","createTime":"2025-08-14T22:14:07.954382Z","updateTime":"2025-08-14T22:14:07.954382Z"}]}
[debug] [2025-08-14T22:29:37.249Z] Checked if tokens are valid: true, expires at: 1755212136595
[debug] [2025-08-14T22:29:37.249Z] Checked if tokens are valid: true, expires at: 1755212136595
[debug] [2025-08-14T22:29:37.249Z] >>> [apiv2][query] GET https://firebaserules.googleapis.com/v1/projects/auditor-4907c/rulesets/545a2ad5-a9d7-4e4d-8ab6-b8e7452d9c4b [none]
[debug] [2025-08-14T22:29:38.135Z] <<< [apiv2][status] GET https://firebaserules.googleapis.com/v1/projects/auditor-4907c/rulesets/545a2ad5-a9d7-4e4d-8ab6-b8e7452d9c4b 200
[debug] [2025-08-14T22:29:38.136Z] <<< [apiv2][body] GET https://firebaserules.googleapis.com/v1/projects/auditor-4907c/rulesets/545a2ad5-a9d7-4e4d-8ab6-b8e7452d9c4b [omitted]
[info] i  Downloaded the existing Firestore Security Rules from the Firebase console 
[info] 
[info] Firestore indexes allow you to perform complex queries while
[info] maintaining performance that scales with the size of the result
[info] set. You can keep index definitions in your project directory
[info] and publish them with firebase deploy.
[info] 
[debug] [2025-08-14T22:30:11.872Z] Checked if tokens are valid: true, expires at: 1755212136595
[debug] [2025-08-14T22:30:11.873Z] Checked if tokens are valid: true, expires at: 1755212136595
[debug] [2025-08-14T22:30:11.873Z] Checked if tokens are valid: true, expires at: 1755212136595
[debug] [2025-08-14T22:30:11.873Z] Checked if tokens are valid: true, expires at: 1755212136595
[debug] [2025-08-14T22:30:11.873Z] >>> [apiv2][query] GET https://firestore.googleapis.com/v1/projects/auditor-4907c/databases/(default)/collectionGroups/-/indexes [none]
[debug] [2025-08-14T22:30:11.877Z] >>> [apiv2][query] GET https://firestore.googleapis.com/v1/projects/auditor-4907c/databases/(default)/collectionGroups/-/fields?filter=indexConfig.usesAncestorConfig=false OR ttlConfig:* [none]
[debug] [2025-08-14T22:30:14.453Z] <<< [apiv2][status] GET https://firestore.googleapis.com/v1/projects/auditor-4907c/databases/(default)/collectionGroups/-/fields?filter=indexConfig.usesAncestorConfig=false OR ttlConfig:* 200
[debug] [2025-08-14T22:30:14.453Z] <<< [apiv2][body] GET https://firestore.googleapis.com/v1/projects/auditor-4907c/databases/(default)/collectionGroups/-/fields?filter=indexConfig.usesAncestorConfig=false OR ttlConfig:* {"fields":[{"name":"projects/auditor-4907c/databases/(default)/collectionGroups/__default__/fields/*","indexConfig":{"indexes":[{"queryScope":"COLLECTION","fields":[{"fieldPath":"*","order":"ASCENDING"}],"state":"READY"},{"queryScope":"COLLECTION","fields":[{"fieldPath":"*","order":"DESCENDING"}],"state":"READY"},{"queryScope":"COLLECTION","fields":[{"fieldPath":"*","arrayConfig":"CONTAINS"}],"state":"READY"}]}}]}
[debug] [2025-08-14T22:30:14.465Z] <<< [apiv2][status] GET https://firestore.googleapis.com/v1/projects/auditor-4907c/databases/(default)/collectionGroups/-/indexes 200
[debug] [2025-08-14T22:30:14.466Z] <<< [apiv2][body] GET https://firestore.googleapis.com/v1/projects/auditor-4907c/databases/(default)/collectionGroups/-/indexes {}
[info] i  Downloaded the existing Firestore indexes from the Firebase console 
[info] +  Wrote firestore.rules 
[info] +  Wrote firestore.indexes 
[info] 
=== Hosting Setup
[debug] [2025-08-14T22:30:15.623Z] Checked if tokens are valid: true, expires at: 1755212136595
[debug] [2025-08-14T22:30:15.623Z] Checked if tokens are valid: true, expires at: 1755212136595
[debug] [2025-08-14T22:30:15.624Z] >>> [apiv2][query] GET https://firebase.googleapis.com/v1beta1/projects/auditor-4907c [none]
[debug] [2025-08-14T22:30:16.611Z] <<< [apiv2][status] GET https://firebase.googleapis.com/v1beta1/projects/auditor-4907c 200
[debug] [2025-08-14T22:30:16.611Z] <<< [apiv2][body] GET https://firebase.googleapis.com/v1beta1/projects/auditor-4907c {"projectId":"auditor-4907c","projectNumber":"156402284121","displayName":"Auditor","name":"projects/auditor-4907c","resources":{"hostingSite":"auditor-4907c"},"state":"ACTIVE","etag":"1_500631bc-28fd-4dab-80f7-096c395c9636"}
[info] 
[info] Your public directory is the folder (relative to your project directory) that
[info] will contain Hosting assets to be uploaded with firebase deploy. If you
[info] have a build process for your assets, use your build's output directory.
[info] 
[debug] [2025-08-14T22:31:43.683Z] >>> [apiv2][query] GET https://www.gstatic.com/firebasejs/releases.json [none]
[debug] [2025-08-14T22:31:44.734Z] <<< [apiv2][status] GET https://www.gstatic.com/firebasejs/releases.json 200
[debug] [2025-08-14T22:31:44.734Z] <<< [apiv2][body] GET https://www.gstatic.com/firebasejs/releases.json {"current":{"version":"12.1.0","browserURL":"https://www.gstatic.com/firebasejs/12.1.0/firebase.js","packageURL":"https://www.gstatic.com/firebasejs/12.1.0/firebase.tgz"},"live":{"version":"12.1","browserURL":"https://www.gstatic.com/firebasejs/live/12.1/firebase.js","packageURL":"https://www.gstatic.com/firebasejs/live/12.1/firebase.tgz"},"components":{"ai":"https://www.gstatic.com/firebasejs/12.1.0/firebase-ai.js","analytics":"https://www.gstatic.com/firebasejs/12.1.0/firebase-analytics.js","app":"https://www.gstatic.com/firebasejs/12.1.0/firebase-app.js","app-check":"https://www.gstatic.com/firebasejs/12.1.0/firebase-app-check.js","auth":"https://www.gstatic.com/firebasejs/12.1.0/firebase-auth.js","auth/cordova":"https://www.gstatic.com/firebasejs/12.1.0/firebase-auth/cordova.js","auth/web-extension":"https://www.gstatic.com/firebasejs/12.1.0/firebase-auth/web-extension.js","functions":"https://www.gstatic.com/firebasejs/12.1.0/firebase-functions.js","firestore":"https://www.gstatic.com/firebasejs/12.1.0/firebase-firestore.js","firestore/lite":"https://www.gstatic.com/firebasejs/12.1.0/firebase-firestore/lite.js","installations":"https://www.gstatic.com/firebasejs/12.1.0/firebase-installations.js","storage":"https://www.gstatic.com/firebasejs/12.1.0/firebase-storage.js","performance":"https://www.gstatic.com/firebasejs/12.1.0/firebase-performance.js","remote-config":"https://www.gstatic.com/firebasejs/12.1.0/firebase-remote-config.js","messaging":"https://www.gstatic.com/firebasejs/12.1.0/firebase-messaging.js","messaging/sw":"https://www.gstatic.com/firebasejs/12.1.0/firebase-messaging/sw.js","database":"https://www.gstatic.com/firebasejs/12.1.0/firebase-database.js","data-connect":"https://www.gstatic.com/firebasejs/12.1.0/firebase-data-connect.js","firestore.memory":"https://www.gstatic.com/firebasejs/12.1.0/firebase-firestore.memory.js"}}
[info] +  Wrote src/index.html 
[info] 
[info] i  Detected a .git folder at C:\Users\aleks\Documents\WorkSpaces\Python\auditor-web 
[info] i  Authorizing with GitHub to upload your service account to a GitHub repository's secrets store. 
[info] 
[info] Visit this URL on this device to log in:
[info] https://github.com/login/oauth/authorize?client_id=89cf50f02ac6aaed3484&state=630349057&redirect_uri=http%3A%2F%2Flocalhost%3A9005&scope=read%3Auser%20repo%20public_repo
[info] 
[info] Waiting for authentication...
